   0  $accept : programa $end

   1  programa : decl_global programa
   2           | def_funcao programa
   3           |

   4  decl_global : decl_var ';'
   5              | decl_vetor ';'

   6  decl_var : KW_DECLARE TK_IDENTIFIER ':' tipo_var

   7  decl_vetor : KW_DECLARE TK_IDENTIFIER ':' tipo_var '[' LIT_INTEGER ']'

   8  tipo_var : KW_INTEGER
   9           | KW_FLOATING
  10           | KW_BOOLEAN
  11           | KW_CHARACTER

  12  def_funcao : cabecalho comando ';'

  13  cabecalho : TK_IDENTIFIER ':' tipo_var '(' lista_parametros ')'

  14  lista_parametros : lista_parametros_nao_vazia
  15                   |

  16  lista_parametros_nao_vazia : parametro ',' lista_parametros_nao_vazia
  17                             | parametro

  18  parametro : TK_IDENTIFIER ':' tipo_var

  19  comando : bloco_comando
  20          | controle_fluxo
  21          | atribuicao
  22          | input
  23          | output
  24          | return
  25          |

  26  bloco_comando : '{' seq_comando '}'

  27  seq_comando : comando
  28              | comando ';' seq_comando
  29              | decl_var
  30              | decl_var ';' seq_comando
  31              | decl_vetor
  32              | decl_vetor ';' seq_comando

  33  atribuicao : TK_IDENTIFIER '=' expressao
  34             | TK_IDENTIFIER '[' expressao ']' '=' expressao

  35  input : KW_INPUT TK_IDENTIFIER

  36  output : KW_OUTPUT lista_expressoes_nao_vazia

  37  lista_expressoes_nao_vazia : expressao ',' lista_expressoes_nao_vazia
  38                             | expressao

  39  return : KW_RETURN expressao

  40  controle_fluxo : KW_IF '(' expressao ')' KW_THEN comando
  41                 | KW_IF '(' expressao ')' KW_THEN comando KW_ELSE comando
  42                 | KW_WHILE '(' expressao ')' comando
  43                 | KW_DO comando KW_WHILE '(' expressao ')'

  44  expressao : TK_IDENTIFIER
  45            | TK_IDENTIFIER '[' expressao ']'
  46            | LIT_INTEGER
  47            | LIT_FLOATING
  48            | LIT_FALSE
  49            | LIT_TRUE
  50            | LIT_CHARACTER
  51            | LIT_STRING
  52            | expressao '+' expressao
  53            | expressao '-' expressao
  54            | expressao '*' expressao
  55            | expressao '/' expressao
  56            | expressao '<' expressao
  57            | expressao '>' expressao
  58            | '(' expressao ')'
  59            | expressao OPERATOR_LE expressao
  60            | expressao OPERATOR_GE expressao
  61            | expressao OPERATOR_EQ expressao
  62            | expressao OPERATOR_NE expressao
  63            | expressao OPERATOR_AND expressao
  64            | expressao OPERATOR_OR expressao
  65            | TK_IDENTIFIER '(' lista_expressoes ')'

  66  lista_expressoes : lista_expressoes_nao_vazia
  67                   |

state 0
	$accept : . programa $end  (0)
	programa : .  (3)

	KW_DECLARE  shift 1
	TK_IDENTIFIER  shift 2
	$end  reduce 3

	programa  goto 3
	decl_global  goto 4
	def_funcao  goto 5
	decl_var  goto 6
	decl_vetor  goto 7
	cabecalho  goto 8


state 1
	decl_var : KW_DECLARE . TK_IDENTIFIER ':' tipo_var  (6)
	decl_vetor : KW_DECLARE . TK_IDENTIFIER ':' tipo_var '[' LIT_INTEGER ']'  (7)

	TK_IDENTIFIER  shift 9
	.  error


state 2
	cabecalho : TK_IDENTIFIER . ':' tipo_var '(' lista_parametros ')'  (13)

	':'  shift 10
	.  error


state 3
	$accept : programa . $end  (0)

	$end  accept


state 4
	programa : decl_global . programa  (1)
	programa : .  (3)

	KW_DECLARE  shift 1
	TK_IDENTIFIER  shift 2
	$end  reduce 3

	programa  goto 11
	decl_global  goto 4
	def_funcao  goto 5
	decl_var  goto 6
	decl_vetor  goto 7
	cabecalho  goto 8


state 5
	programa : def_funcao . programa  (2)
	programa : .  (3)

	KW_DECLARE  shift 1
	TK_IDENTIFIER  shift 2
	$end  reduce 3

	programa  goto 12
	decl_global  goto 4
	def_funcao  goto 5
	decl_var  goto 6
	decl_vetor  goto 7
	cabecalho  goto 8


state 6
	decl_global : decl_var . ';'  (4)

	';'  shift 13
	.  error


state 7
	decl_global : decl_vetor . ';'  (5)

	';'  shift 14
	.  error


state 8
	def_funcao : cabecalho . comando ';'  (12)
	comando : .  (25)

	KW_IF  shift 15
	KW_WHILE  shift 16
	KW_DO  shift 17
	KW_INPUT  shift 18
	KW_RETURN  shift 19
	KW_OUTPUT  shift 20
	TK_IDENTIFIER  shift 21
	'{'  shift 22
	';'  reduce 25

	comando  goto 23
	bloco_comando  goto 24
	controle_fluxo  goto 25
	atribuicao  goto 26
	input  goto 27
	output  goto 28
	return  goto 29


state 9
	decl_var : KW_DECLARE TK_IDENTIFIER . ':' tipo_var  (6)
	decl_vetor : KW_DECLARE TK_IDENTIFIER . ':' tipo_var '[' LIT_INTEGER ']'  (7)

	':'  shift 30
	.  error


state 10
	cabecalho : TK_IDENTIFIER ':' . tipo_var '(' lista_parametros ')'  (13)

	KW_INTEGER  shift 31
	KW_FLOATING  shift 32
	KW_BOOLEAN  shift 33
	KW_CHARACTER  shift 34
	.  error

	tipo_var  goto 35


state 11
	programa : decl_global programa .  (1)

	.  reduce 1


state 12
	programa : def_funcao programa .  (2)

	.  reduce 2


state 13
	decl_global : decl_var ';' .  (4)

	.  reduce 4


state 14
	decl_global : decl_vetor ';' .  (5)

	.  reduce 5


state 15
	controle_fluxo : KW_IF . '(' expressao ')' KW_THEN comando  (40)
	controle_fluxo : KW_IF . '(' expressao ')' KW_THEN comando KW_ELSE comando  (41)

	'('  shift 36
	.  error


state 16
	controle_fluxo : KW_WHILE . '(' expressao ')' comando  (42)

	'('  shift 37
	.  error


17: shift/reduce conflict (shift 16, reduce 25) on KW_WHILE
state 17
	controle_fluxo : KW_DO . comando KW_WHILE '(' expressao ')'  (43)
	comando : .  (25)

	KW_IF  shift 15
	KW_WHILE  shift 16
	KW_DO  shift 17
	KW_INPUT  shift 18
	KW_RETURN  shift 19
	KW_OUTPUT  shift 20
	TK_IDENTIFIER  shift 21
	'{'  shift 22

	comando  goto 38
	bloco_comando  goto 24
	controle_fluxo  goto 25
	atribuicao  goto 26
	input  goto 27
	output  goto 28
	return  goto 29


state 18
	input : KW_INPUT . TK_IDENTIFIER  (35)

	TK_IDENTIFIER  shift 39
	.  error


state 19
	return : KW_RETURN . expressao  (39)

	TK_IDENTIFIER  shift 40
	LIT_INTEGER  shift 41
	LIT_FLOATING  shift 42
	LIT_FALSE  shift 43
	LIT_TRUE  shift 44
	LIT_CHARACTER  shift 45
	LIT_STRING  shift 46
	'('  shift 47
	.  error

	expressao  goto 48


state 20
	output : KW_OUTPUT . lista_expressoes_nao_vazia  (36)

	TK_IDENTIFIER  shift 40
	LIT_INTEGER  shift 41
	LIT_FLOATING  shift 42
	LIT_FALSE  shift 43
	LIT_TRUE  shift 44
	LIT_CHARACTER  shift 45
	LIT_STRING  shift 46
	'('  shift 47
	.  error

	expressao  goto 49
	lista_expressoes_nao_vazia  goto 50


state 21
	atribuicao : TK_IDENTIFIER . '=' expressao  (33)
	atribuicao : TK_IDENTIFIER . '[' expressao ']' '=' expressao  (34)

	'['  shift 51
	'='  shift 52
	.  error


state 22
	bloco_comando : '{' . seq_comando '}'  (26)
	comando : .  (25)

	KW_DECLARE  shift 1
	KW_IF  shift 15
	KW_WHILE  shift 16
	KW_DO  shift 17
	KW_INPUT  shift 18
	KW_RETURN  shift 19
	KW_OUTPUT  shift 20
	TK_IDENTIFIER  shift 21
	'{'  shift 22
	';'  reduce 25
	'}'  reduce 25

	decl_var  goto 53
	decl_vetor  goto 54
	comando  goto 55
	bloco_comando  goto 24
	controle_fluxo  goto 25
	atribuicao  goto 26
	input  goto 27
	output  goto 28
	return  goto 29
	seq_comando  goto 56


state 23
	def_funcao : cabecalho comando . ';'  (12)

	';'  shift 57
	.  error


state 24
	comando : bloco_comando .  (19)

	.  reduce 19


state 25
	comando : controle_fluxo .  (20)

	.  reduce 20


state 26
	comando : atribuicao .  (21)

	.  reduce 21


state 27
	comando : input .  (22)

	.  reduce 22


state 28
	comando : output .  (23)

	.  reduce 23


state 29
	comando : return .  (24)

	.  reduce 24


state 30
	decl_var : KW_DECLARE TK_IDENTIFIER ':' . tipo_var  (6)
	decl_vetor : KW_DECLARE TK_IDENTIFIER ':' . tipo_var '[' LIT_INTEGER ']'  (7)

	KW_INTEGER  shift 31
	KW_FLOATING  shift 32
	KW_BOOLEAN  shift 33
	KW_CHARACTER  shift 34
	.  error

	tipo_var  goto 58


state 31
	tipo_var : KW_INTEGER .  (8)

	.  reduce 8


state 32
	tipo_var : KW_FLOATING .  (9)

	.  reduce 9


state 33
	tipo_var : KW_BOOLEAN .  (10)

	.  reduce 10


state 34
	tipo_var : KW_CHARACTER .  (11)

	.  reduce 11


state 35
	cabecalho : TK_IDENTIFIER ':' tipo_var . '(' lista_parametros ')'  (13)

	'('  shift 59
	.  error


state 36
	controle_fluxo : KW_IF '(' . expressao ')' KW_THEN comando  (40)
	controle_fluxo : KW_IF '(' . expressao ')' KW_THEN comando KW_ELSE comando  (41)

	TK_IDENTIFIER  shift 40
	LIT_INTEGER  shift 41
	LIT_FLOATING  shift 42
	LIT_FALSE  shift 43
	LIT_TRUE  shift 44
	LIT_CHARACTER  shift 45
	LIT_STRING  shift 46
	'('  shift 47
	.  error

	expressao  goto 60


state 37
	controle_fluxo : KW_WHILE '(' . expressao ')' comando  (42)

	TK_IDENTIFIER  shift 40
	LIT_INTEGER  shift 41
	LIT_FLOATING  shift 42
	LIT_FALSE  shift 43
	LIT_TRUE  shift 44
	LIT_CHARACTER  shift 45
	LIT_STRING  shift 46
	'('  shift 47
	.  error

	expressao  goto 61


state 38
	controle_fluxo : KW_DO comando . KW_WHILE '(' expressao ')'  (43)

	KW_WHILE  shift 62
	.  error


state 39
	input : KW_INPUT TK_IDENTIFIER .  (35)

	.  reduce 35


state 40
	expressao : TK_IDENTIFIER .  (44)
	expressao : TK_IDENTIFIER . '[' expressao ']'  (45)
	expressao : TK_IDENTIFIER . '(' lista_expressoes ')'  (65)

	'['  shift 63
	'('  shift 64
	KW_ELSE  reduce 44
	KW_WHILE  reduce 44
	OPERATOR_LE  reduce 44
	OPERATOR_GE  reduce 44
	OPERATOR_EQ  reduce 44
	OPERATOR_NE  reduce 44
	OPERATOR_AND  reduce 44
	OPERATOR_OR  reduce 44
	'<'  reduce 44
	'>'  reduce 44
	'+'  reduce 44
	'-'  reduce 44
	'*'  reduce 44
	'/'  reduce 44
	';'  reduce 44
	']'  reduce 44
	')'  reduce 44
	','  reduce 44
	'}'  reduce 44


state 41
	expressao : LIT_INTEGER .  (46)

	.  reduce 46


state 42
	expressao : LIT_FLOATING .  (47)

	.  reduce 47


state 43
	expressao : LIT_FALSE .  (48)

	.  reduce 48


state 44
	expressao : LIT_TRUE .  (49)

	.  reduce 49


state 45
	expressao : LIT_CHARACTER .  (50)

	.  reduce 50


state 46
	expressao : LIT_STRING .  (51)

	.  reduce 51


state 47
	expressao : '(' . expressao ')'  (58)

	TK_IDENTIFIER  shift 40
	LIT_INTEGER  shift 41
	LIT_FLOATING  shift 42
	LIT_FALSE  shift 43
	LIT_TRUE  shift 44
	LIT_CHARACTER  shift 45
	LIT_STRING  shift 46
	'('  shift 47
	.  error

	expressao  goto 65


state 48
	return : KW_RETURN expressao .  (39)
	expressao : expressao . '+' expressao  (52)
	expressao : expressao . '-' expressao  (53)
	expressao : expressao . '*' expressao  (54)
	expressao : expressao . '/' expressao  (55)
	expressao : expressao . '<' expressao  (56)
	expressao : expressao . '>' expressao  (57)
	expressao : expressao . OPERATOR_LE expressao  (59)
	expressao : expressao . OPERATOR_GE expressao  (60)
	expressao : expressao . OPERATOR_EQ expressao  (61)
	expressao : expressao . OPERATOR_NE expressao  (62)
	expressao : expressao . OPERATOR_AND expressao  (63)
	expressao : expressao . OPERATOR_OR expressao  (64)

	OPERATOR_LE  shift 66
	OPERATOR_GE  shift 67
	OPERATOR_EQ  shift 68
	OPERATOR_NE  shift 69
	OPERATOR_AND  shift 70
	OPERATOR_OR  shift 71
	'<'  shift 72
	'>'  shift 73
	'+'  shift 74
	'-'  shift 75
	'*'  shift 76
	'/'  shift 77
	KW_ELSE  reduce 39
	KW_WHILE  reduce 39
	';'  reduce 39
	'}'  reduce 39


state 49
	lista_expressoes_nao_vazia : expressao . ',' lista_expressoes_nao_vazia  (37)
	lista_expressoes_nao_vazia : expressao .  (38)
	expressao : expressao . '+' expressao  (52)
	expressao : expressao . '-' expressao  (53)
	expressao : expressao . '*' expressao  (54)
	expressao : expressao . '/' expressao  (55)
	expressao : expressao . '<' expressao  (56)
	expressao : expressao . '>' expressao  (57)
	expressao : expressao . OPERATOR_LE expressao  (59)
	expressao : expressao . OPERATOR_GE expressao  (60)
	expressao : expressao . OPERATOR_EQ expressao  (61)
	expressao : expressao . OPERATOR_NE expressao  (62)
	expressao : expressao . OPERATOR_AND expressao  (63)
	expressao : expressao . OPERATOR_OR expressao  (64)

	OPERATOR_LE  shift 66
	OPERATOR_GE  shift 67
	OPERATOR_EQ  shift 68
	OPERATOR_NE  shift 69
	OPERATOR_AND  shift 70
	OPERATOR_OR  shift 71
	'<'  shift 72
	'>'  shift 73
	'+'  shift 74
	'-'  shift 75
	'*'  shift 76
	'/'  shift 77
	','  shift 78
	KW_ELSE  reduce 38
	KW_WHILE  reduce 38
	';'  reduce 38
	')'  reduce 38
	'}'  reduce 38


state 50
	output : KW_OUTPUT lista_expressoes_nao_vazia .  (36)

	.  reduce 36


state 51
	atribuicao : TK_IDENTIFIER '[' . expressao ']' '=' expressao  (34)

	TK_IDENTIFIER  shift 40
	LIT_INTEGER  shift 41
	LIT_FLOATING  shift 42
	LIT_FALSE  shift 43
	LIT_TRUE  shift 44
	LIT_CHARACTER  shift 45
	LIT_STRING  shift 46
	'('  shift 47
	.  error

	expressao  goto 79


state 52
	atribuicao : TK_IDENTIFIER '=' . expressao  (33)

	TK_IDENTIFIER  shift 40
	LIT_INTEGER  shift 41
	LIT_FLOATING  shift 42
	LIT_FALSE  shift 43
	LIT_TRUE  shift 44
	LIT_CHARACTER  shift 45
	LIT_STRING  shift 46
	'('  shift 47
	.  error

	expressao  goto 80


state 53
	seq_comando : decl_var .  (29)
	seq_comando : decl_var . ';' seq_comando  (30)

	';'  shift 81
	'}'  reduce 29


state 54
	seq_comando : decl_vetor .  (31)
	seq_comando : decl_vetor . ';' seq_comando  (32)

	';'  shift 82
	'}'  reduce 31


state 55
	seq_comando : comando .  (27)
	seq_comando : comando . ';' seq_comando  (28)

	';'  shift 83
	'}'  reduce 27


state 56
	bloco_comando : '{' seq_comando . '}'  (26)

	'}'  shift 84
	.  error


state 57
	def_funcao : cabecalho comando ';' .  (12)

	.  reduce 12


state 58
	decl_var : KW_DECLARE TK_IDENTIFIER ':' tipo_var .  (6)
	decl_vetor : KW_DECLARE TK_IDENTIFIER ':' tipo_var . '[' LIT_INTEGER ']'  (7)

	'['  shift 85
	';'  reduce 6
	'}'  reduce 6


state 59
	cabecalho : TK_IDENTIFIER ':' tipo_var '(' . lista_parametros ')'  (13)
	lista_parametros : .  (15)

	TK_IDENTIFIER  shift 86
	')'  reduce 15

	lista_parametros  goto 87
	lista_parametros_nao_vazia  goto 88
	parametro  goto 89


state 60
	controle_fluxo : KW_IF '(' expressao . ')' KW_THEN comando  (40)
	controle_fluxo : KW_IF '(' expressao . ')' KW_THEN comando KW_ELSE comando  (41)
	expressao : expressao . '+' expressao  (52)
	expressao : expressao . '-' expressao  (53)
	expressao : expressao . '*' expressao  (54)
	expressao : expressao . '/' expressao  (55)
	expressao : expressao . '<' expressao  (56)
	expressao : expressao . '>' expressao  (57)
	expressao : expressao . OPERATOR_LE expressao  (59)
	expressao : expressao . OPERATOR_GE expressao  (60)
	expressao : expressao . OPERATOR_EQ expressao  (61)
	expressao : expressao . OPERATOR_NE expressao  (62)
	expressao : expressao . OPERATOR_AND expressao  (63)
	expressao : expressao . OPERATOR_OR expressao  (64)

	OPERATOR_LE  shift 66
	OPERATOR_GE  shift 67
	OPERATOR_EQ  shift 68
	OPERATOR_NE  shift 69
	OPERATOR_AND  shift 70
	OPERATOR_OR  shift 71
	'<'  shift 72
	'>'  shift 73
	'+'  shift 74
	'-'  shift 75
	'*'  shift 76
	'/'  shift 77
	')'  shift 90
	.  error


state 61
	controle_fluxo : KW_WHILE '(' expressao . ')' comando  (42)
	expressao : expressao . '+' expressao  (52)
	expressao : expressao . '-' expressao  (53)
	expressao : expressao . '*' expressao  (54)
	expressao : expressao . '/' expressao  (55)
	expressao : expressao . '<' expressao  (56)
	expressao : expressao . '>' expressao  (57)
	expressao : expressao . OPERATOR_LE expressao  (59)
	expressao : expressao . OPERATOR_GE expressao  (60)
	expressao : expressao . OPERATOR_EQ expressao  (61)
	expressao : expressao . OPERATOR_NE expressao  (62)
	expressao : expressao . OPERATOR_AND expressao  (63)
	expressao : expressao . OPERATOR_OR expressao  (64)

	OPERATOR_LE  shift 66
	OPERATOR_GE  shift 67
	OPERATOR_EQ  shift 68
	OPERATOR_NE  shift 69
	OPERATOR_AND  shift 70
	OPERATOR_OR  shift 71
	'<'  shift 72
	'>'  shift 73
	'+'  shift 74
	'-'  shift 75
	'*'  shift 76
	'/'  shift 77
	')'  shift 91
	.  error


state 62
	controle_fluxo : KW_DO comando KW_WHILE . '(' expressao ')'  (43)

	'('  shift 92
	.  error


state 63
	expressao : TK_IDENTIFIER '[' . expressao ']'  (45)

	TK_IDENTIFIER  shift 40
	LIT_INTEGER  shift 41
	LIT_FLOATING  shift 42
	LIT_FALSE  shift 43
	LIT_TRUE  shift 44
	LIT_CHARACTER  shift 45
	LIT_STRING  shift 46
	'('  shift 47
	.  error

	expressao  goto 93


state 64
	expressao : TK_IDENTIFIER '(' . lista_expressoes ')'  (65)
	lista_expressoes : .  (67)

	TK_IDENTIFIER  shift 40
	LIT_INTEGER  shift 41
	LIT_FLOATING  shift 42
	LIT_FALSE  shift 43
	LIT_TRUE  shift 44
	LIT_CHARACTER  shift 45
	LIT_STRING  shift 46
	'('  shift 47
	')'  reduce 67

	expressao  goto 49
	lista_expressoes_nao_vazia  goto 94
	lista_expressoes  goto 95


state 65
	expressao : expressao . '+' expressao  (52)
	expressao : expressao . '-' expressao  (53)
	expressao : expressao . '*' expressao  (54)
	expressao : expressao . '/' expressao  (55)
	expressao : expressao . '<' expressao  (56)
	expressao : expressao . '>' expressao  (57)
	expressao : '(' expressao . ')'  (58)
	expressao : expressao . OPERATOR_LE expressao  (59)
	expressao : expressao . OPERATOR_GE expressao  (60)
	expressao : expressao . OPERATOR_EQ expressao  (61)
	expressao : expressao . OPERATOR_NE expressao  (62)
	expressao : expressao . OPERATOR_AND expressao  (63)
	expressao : expressao . OPERATOR_OR expressao  (64)

	OPERATOR_LE  shift 66
	OPERATOR_GE  shift 67
	OPERATOR_EQ  shift 68
	OPERATOR_NE  shift 69
	OPERATOR_AND  shift 70
	OPERATOR_OR  shift 71
	'<'  shift 72
	'>'  shift 73
	'+'  shift 74
	'-'  shift 75
	'*'  shift 76
	'/'  shift 77
	')'  shift 96
	.  error


state 66
	expressao : expressao OPERATOR_LE . expressao  (59)

	TK_IDENTIFIER  shift 40
	LIT_INTEGER  shift 41
	LIT_FLOATING  shift 42
	LIT_FALSE  shift 43
	LIT_TRUE  shift 44
	LIT_CHARACTER  shift 45
	LIT_STRING  shift 46
	'('  shift 47
	.  error

	expressao  goto 97


state 67
	expressao : expressao OPERATOR_GE . expressao  (60)

	TK_IDENTIFIER  shift 40
	LIT_INTEGER  shift 41
	LIT_FLOATING  shift 42
	LIT_FALSE  shift 43
	LIT_TRUE  shift 44
	LIT_CHARACTER  shift 45
	LIT_STRING  shift 46
	'('  shift 47
	.  error

	expressao  goto 98


state 68
	expressao : expressao OPERATOR_EQ . expressao  (61)

	TK_IDENTIFIER  shift 40
	LIT_INTEGER  shift 41
	LIT_FLOATING  shift 42
	LIT_FALSE  shift 43
	LIT_TRUE  shift 44
	LIT_CHARACTER  shift 45
	LIT_STRING  shift 46
	'('  shift 47
	.  error

	expressao  goto 99


state 69
	expressao : expressao OPERATOR_NE . expressao  (62)

	TK_IDENTIFIER  shift 40
	LIT_INTEGER  shift 41
	LIT_FLOATING  shift 42
	LIT_FALSE  shift 43
	LIT_TRUE  shift 44
	LIT_CHARACTER  shift 45
	LIT_STRING  shift 46
	'('  shift 47
	.  error

	expressao  goto 100


state 70
	expressao : expressao OPERATOR_AND . expressao  (63)

	TK_IDENTIFIER  shift 40
	LIT_INTEGER  shift 41
	LIT_FLOATING  shift 42
	LIT_FALSE  shift 43
	LIT_TRUE  shift 44
	LIT_CHARACTER  shift 45
	LIT_STRING  shift 46
	'('  shift 47
	.  error

	expressao  goto 101


state 71
	expressao : expressao OPERATOR_OR . expressao  (64)

	TK_IDENTIFIER  shift 40
	LIT_INTEGER  shift 41
	LIT_FLOATING  shift 42
	LIT_FALSE  shift 43
	LIT_TRUE  shift 44
	LIT_CHARACTER  shift 45
	LIT_STRING  shift 46
	'('  shift 47
	.  error

	expressao  goto 102


state 72
	expressao : expressao '<' . expressao  (56)

	TK_IDENTIFIER  shift 40
	LIT_INTEGER  shift 41
	LIT_FLOATING  shift 42
	LIT_FALSE  shift 43
	LIT_TRUE  shift 44
	LIT_CHARACTER  shift 45
	LIT_STRING  shift 46
	'('  shift 47
	.  error

	expressao  goto 103


state 73
	expressao : expressao '>' . expressao  (57)

	TK_IDENTIFIER  shift 40
	LIT_INTEGER  shift 41
	LIT_FLOATING  shift 42
	LIT_FALSE  shift 43
	LIT_TRUE  shift 44
	LIT_CHARACTER  shift 45
	LIT_STRING  shift 46
	'('  shift 47
	.  error

	expressao  goto 104


state 74
	expressao : expressao '+' . expressao  (52)

	TK_IDENTIFIER  shift 40
	LIT_INTEGER  shift 41
	LIT_FLOATING  shift 42
	LIT_FALSE  shift 43
	LIT_TRUE  shift 44
	LIT_CHARACTER  shift 45
	LIT_STRING  shift 46
	'('  shift 47
	.  error

	expressao  goto 105


state 75
	expressao : expressao '-' . expressao  (53)

	TK_IDENTIFIER  shift 40
	LIT_INTEGER  shift 41
	LIT_FLOATING  shift 42
	LIT_FALSE  shift 43
	LIT_TRUE  shift 44
	LIT_CHARACTER  shift 45
	LIT_STRING  shift 46
	'('  shift 47
	.  error

	expressao  goto 106


state 76
	expressao : expressao '*' . expressao  (54)

	TK_IDENTIFIER  shift 40
	LIT_INTEGER  shift 41
	LIT_FLOATING  shift 42
	LIT_FALSE  shift 43
	LIT_TRUE  shift 44
	LIT_CHARACTER  shift 45
	LIT_STRING  shift 46
	'('  shift 47
	.  error

	expressao  goto 107


state 77
	expressao : expressao '/' . expressao  (55)

	TK_IDENTIFIER  shift 40
	LIT_INTEGER  shift 41
	LIT_FLOATING  shift 42
	LIT_FALSE  shift 43
	LIT_TRUE  shift 44
	LIT_CHARACTER  shift 45
	LIT_STRING  shift 46
	'('  shift 47
	.  error

	expressao  goto 108


state 78
	lista_expressoes_nao_vazia : expressao ',' . lista_expressoes_nao_vazia  (37)

	TK_IDENTIFIER  shift 40
	LIT_INTEGER  shift 41
	LIT_FLOATING  shift 42
	LIT_FALSE  shift 43
	LIT_TRUE  shift 44
	LIT_CHARACTER  shift 45
	LIT_STRING  shift 46
	'('  shift 47
	.  error

	expressao  goto 49
	lista_expressoes_nao_vazia  goto 109


state 79
	atribuicao : TK_IDENTIFIER '[' expressao . ']' '=' expressao  (34)
	expressao : expressao . '+' expressao  (52)
	expressao : expressao . '-' expressao  (53)
	expressao : expressao . '*' expressao  (54)
	expressao : expressao . '/' expressao  (55)
	expressao : expressao . '<' expressao  (56)
	expressao : expressao . '>' expressao  (57)
	expressao : expressao . OPERATOR_LE expressao  (59)
	expressao : expressao . OPERATOR_GE expressao  (60)
	expressao : expressao . OPERATOR_EQ expressao  (61)
	expressao : expressao . OPERATOR_NE expressao  (62)
	expressao : expressao . OPERATOR_AND expressao  (63)
	expressao : expressao . OPERATOR_OR expressao  (64)

	OPERATOR_LE  shift 66
	OPERATOR_GE  shift 67
	OPERATOR_EQ  shift 68
	OPERATOR_NE  shift 69
	OPERATOR_AND  shift 70
	OPERATOR_OR  shift 71
	'<'  shift 72
	'>'  shift 73
	'+'  shift 74
	'-'  shift 75
	'*'  shift 76
	'/'  shift 77
	']'  shift 110
	.  error


state 80
	atribuicao : TK_IDENTIFIER '=' expressao .  (33)
	expressao : expressao . '+' expressao  (52)
	expressao : expressao . '-' expressao  (53)
	expressao : expressao . '*' expressao  (54)
	expressao : expressao . '/' expressao  (55)
	expressao : expressao . '<' expressao  (56)
	expressao : expressao . '>' expressao  (57)
	expressao : expressao . OPERATOR_LE expressao  (59)
	expressao : expressao . OPERATOR_GE expressao  (60)
	expressao : expressao . OPERATOR_EQ expressao  (61)
	expressao : expressao . OPERATOR_NE expressao  (62)
	expressao : expressao . OPERATOR_AND expressao  (63)
	expressao : expressao . OPERATOR_OR expressao  (64)

	OPERATOR_LE  shift 66
	OPERATOR_GE  shift 67
	OPERATOR_EQ  shift 68
	OPERATOR_NE  shift 69
	OPERATOR_AND  shift 70
	OPERATOR_OR  shift 71
	'<'  shift 72
	'>'  shift 73
	'+'  shift 74
	'-'  shift 75
	'*'  shift 76
	'/'  shift 77
	KW_ELSE  reduce 33
	KW_WHILE  reduce 33
	';'  reduce 33
	'}'  reduce 33


state 81
	seq_comando : decl_var ';' . seq_comando  (30)
	comando : .  (25)

	KW_DECLARE  shift 1
	KW_IF  shift 15
	KW_WHILE  shift 16
	KW_DO  shift 17
	KW_INPUT  shift 18
	KW_RETURN  shift 19
	KW_OUTPUT  shift 20
	TK_IDENTIFIER  shift 21
	'{'  shift 22
	';'  reduce 25
	'}'  reduce 25

	decl_var  goto 53
	decl_vetor  goto 54
	comando  goto 55
	bloco_comando  goto 24
	controle_fluxo  goto 25
	atribuicao  goto 26
	input  goto 27
	output  goto 28
	return  goto 29
	seq_comando  goto 111


state 82
	seq_comando : decl_vetor ';' . seq_comando  (32)
	comando : .  (25)

	KW_DECLARE  shift 1
	KW_IF  shift 15
	KW_WHILE  shift 16
	KW_DO  shift 17
	KW_INPUT  shift 18
	KW_RETURN  shift 19
	KW_OUTPUT  shift 20
	TK_IDENTIFIER  shift 21
	'{'  shift 22
	';'  reduce 25
	'}'  reduce 25

	decl_var  goto 53
	decl_vetor  goto 54
	comando  goto 55
	bloco_comando  goto 24
	controle_fluxo  goto 25
	atribuicao  goto 26
	input  goto 27
	output  goto 28
	return  goto 29
	seq_comando  goto 112


state 83
	seq_comando : comando ';' . seq_comando  (28)
	comando : .  (25)

	KW_DECLARE  shift 1
	KW_IF  shift 15
	KW_WHILE  shift 16
	KW_DO  shift 17
	KW_INPUT  shift 18
	KW_RETURN  shift 19
	KW_OUTPUT  shift 20
	TK_IDENTIFIER  shift 21
	'{'  shift 22
	';'  reduce 25
	'}'  reduce 25

	decl_var  goto 53
	decl_vetor  goto 54
	comando  goto 55
	bloco_comando  goto 24
	controle_fluxo  goto 25
	atribuicao  goto 26
	input  goto 27
	output  goto 28
	return  goto 29
	seq_comando  goto 113


state 84
	bloco_comando : '{' seq_comando '}' .  (26)

	.  reduce 26


state 85
	decl_vetor : KW_DECLARE TK_IDENTIFIER ':' tipo_var '[' . LIT_INTEGER ']'  (7)

	LIT_INTEGER  shift 114
	.  error


state 86
	parametro : TK_IDENTIFIER . ':' tipo_var  (18)

	':'  shift 115
	.  error


state 87
	cabecalho : TK_IDENTIFIER ':' tipo_var '(' lista_parametros . ')'  (13)

	')'  shift 116
	.  error


state 88
	lista_parametros : lista_parametros_nao_vazia .  (14)

	.  reduce 14


state 89
	lista_parametros_nao_vazia : parametro . ',' lista_parametros_nao_vazia  (16)
	lista_parametros_nao_vazia : parametro .  (17)

	','  shift 117
	')'  reduce 17


state 90
	controle_fluxo : KW_IF '(' expressao ')' . KW_THEN comando  (40)
	controle_fluxo : KW_IF '(' expressao ')' . KW_THEN comando KW_ELSE comando  (41)

	KW_THEN  shift 118
	.  error


91: shift/reduce conflict (shift 16, reduce 25) on KW_WHILE
state 91
	controle_fluxo : KW_WHILE '(' expressao ')' . comando  (42)
	comando : .  (25)

	KW_IF  shift 15
	KW_WHILE  shift 16
	KW_DO  shift 17
	KW_INPUT  shift 18
	KW_RETURN  shift 19
	KW_OUTPUT  shift 20
	TK_IDENTIFIER  shift 21
	'{'  shift 22
	KW_ELSE  reduce 25
	';'  reduce 25
	'}'  reduce 25

	comando  goto 119
	bloco_comando  goto 24
	controle_fluxo  goto 25
	atribuicao  goto 26
	input  goto 27
	output  goto 28
	return  goto 29


state 92
	controle_fluxo : KW_DO comando KW_WHILE '(' . expressao ')'  (43)

	TK_IDENTIFIER  shift 40
	LIT_INTEGER  shift 41
	LIT_FLOATING  shift 42
	LIT_FALSE  shift 43
	LIT_TRUE  shift 44
	LIT_CHARACTER  shift 45
	LIT_STRING  shift 46
	'('  shift 47
	.  error

	expressao  goto 120


state 93
	expressao : TK_IDENTIFIER '[' expressao . ']'  (45)
	expressao : expressao . '+' expressao  (52)
	expressao : expressao . '-' expressao  (53)
	expressao : expressao . '*' expressao  (54)
	expressao : expressao . '/' expressao  (55)
	expressao : expressao . '<' expressao  (56)
	expressao : expressao . '>' expressao  (57)
	expressao : expressao . OPERATOR_LE expressao  (59)
	expressao : expressao . OPERATOR_GE expressao  (60)
	expressao : expressao . OPERATOR_EQ expressao  (61)
	expressao : expressao . OPERATOR_NE expressao  (62)
	expressao : expressao . OPERATOR_AND expressao  (63)
	expressao : expressao . OPERATOR_OR expressao  (64)

	OPERATOR_LE  shift 66
	OPERATOR_GE  shift 67
	OPERATOR_EQ  shift 68
	OPERATOR_NE  shift 69
	OPERATOR_AND  shift 70
	OPERATOR_OR  shift 71
	'<'  shift 72
	'>'  shift 73
	'+'  shift 74
	'-'  shift 75
	'*'  shift 76
	'/'  shift 77
	']'  shift 121
	.  error


state 94
	lista_expressoes : lista_expressoes_nao_vazia .  (66)

	.  reduce 66


state 95
	expressao : TK_IDENTIFIER '(' lista_expressoes . ')'  (65)

	')'  shift 122
	.  error


state 96
	expressao : '(' expressao ')' .  (58)

	.  reduce 58


state 97
	expressao : expressao . '+' expressao  (52)
	expressao : expressao . '-' expressao  (53)
	expressao : expressao . '*' expressao  (54)
	expressao : expressao . '/' expressao  (55)
	expressao : expressao . '<' expressao  (56)
	expressao : expressao . '>' expressao  (57)
	expressao : expressao . OPERATOR_LE expressao  (59)
	expressao : expressao OPERATOR_LE expressao .  (59)
	expressao : expressao . OPERATOR_GE expressao  (60)
	expressao : expressao . OPERATOR_EQ expressao  (61)
	expressao : expressao . OPERATOR_NE expressao  (62)
	expressao : expressao . OPERATOR_AND expressao  (63)
	expressao : expressao . OPERATOR_OR expressao  (64)

	'+'  shift 74
	'-'  shift 75
	'*'  shift 76
	'/'  shift 77
	KW_ELSE  reduce 59
	KW_WHILE  reduce 59
	OPERATOR_LE  reduce 59
	OPERATOR_GE  reduce 59
	OPERATOR_EQ  reduce 59
	OPERATOR_NE  reduce 59
	OPERATOR_AND  reduce 59
	OPERATOR_OR  reduce 59
	'<'  reduce 59
	'>'  reduce 59
	';'  reduce 59
	']'  reduce 59
	')'  reduce 59
	','  reduce 59
	'}'  reduce 59


state 98
	expressao : expressao . '+' expressao  (52)
	expressao : expressao . '-' expressao  (53)
	expressao : expressao . '*' expressao  (54)
	expressao : expressao . '/' expressao  (55)
	expressao : expressao . '<' expressao  (56)
	expressao : expressao . '>' expressao  (57)
	expressao : expressao . OPERATOR_LE expressao  (59)
	expressao : expressao . OPERATOR_GE expressao  (60)
	expressao : expressao OPERATOR_GE expressao .  (60)
	expressao : expressao . OPERATOR_EQ expressao  (61)
	expressao : expressao . OPERATOR_NE expressao  (62)
	expressao : expressao . OPERATOR_AND expressao  (63)
	expressao : expressao . OPERATOR_OR expressao  (64)

	'+'  shift 74
	'-'  shift 75
	'*'  shift 76
	'/'  shift 77
	KW_ELSE  reduce 60
	KW_WHILE  reduce 60
	OPERATOR_LE  reduce 60
	OPERATOR_GE  reduce 60
	OPERATOR_EQ  reduce 60
	OPERATOR_NE  reduce 60
	OPERATOR_AND  reduce 60
	OPERATOR_OR  reduce 60
	'<'  reduce 60
	'>'  reduce 60
	';'  reduce 60
	']'  reduce 60
	')'  reduce 60
	','  reduce 60
	'}'  reduce 60


state 99
	expressao : expressao . '+' expressao  (52)
	expressao : expressao . '-' expressao  (53)
	expressao : expressao . '*' expressao  (54)
	expressao : expressao . '/' expressao  (55)
	expressao : expressao . '<' expressao  (56)
	expressao : expressao . '>' expressao  (57)
	expressao : expressao . OPERATOR_LE expressao  (59)
	expressao : expressao . OPERATOR_GE expressao  (60)
	expressao : expressao . OPERATOR_EQ expressao  (61)
	expressao : expressao OPERATOR_EQ expressao .  (61)
	expressao : expressao . OPERATOR_NE expressao  (62)
	expressao : expressao . OPERATOR_AND expressao  (63)
	expressao : expressao . OPERATOR_OR expressao  (64)

	'+'  shift 74
	'-'  shift 75
	'*'  shift 76
	'/'  shift 77
	KW_ELSE  reduce 61
	KW_WHILE  reduce 61
	OPERATOR_LE  reduce 61
	OPERATOR_GE  reduce 61
	OPERATOR_EQ  reduce 61
	OPERATOR_NE  reduce 61
	OPERATOR_AND  reduce 61
	OPERATOR_OR  reduce 61
	'<'  reduce 61
	'>'  reduce 61
	';'  reduce 61
	']'  reduce 61
	')'  reduce 61
	','  reduce 61
	'}'  reduce 61


state 100
	expressao : expressao . '+' expressao  (52)
	expressao : expressao . '-' expressao  (53)
	expressao : expressao . '*' expressao  (54)
	expressao : expressao . '/' expressao  (55)
	expressao : expressao . '<' expressao  (56)
	expressao : expressao . '>' expressao  (57)
	expressao : expressao . OPERATOR_LE expressao  (59)
	expressao : expressao . OPERATOR_GE expressao  (60)
	expressao : expressao . OPERATOR_EQ expressao  (61)
	expressao : expressao . OPERATOR_NE expressao  (62)
	expressao : expressao OPERATOR_NE expressao .  (62)
	expressao : expressao . OPERATOR_AND expressao  (63)
	expressao : expressao . OPERATOR_OR expressao  (64)

	'+'  shift 74
	'-'  shift 75
	'*'  shift 76
	'/'  shift 77
	KW_ELSE  reduce 62
	KW_WHILE  reduce 62
	OPERATOR_LE  reduce 62
	OPERATOR_GE  reduce 62
	OPERATOR_EQ  reduce 62
	OPERATOR_NE  reduce 62
	OPERATOR_AND  reduce 62
	OPERATOR_OR  reduce 62
	'<'  reduce 62
	'>'  reduce 62
	';'  reduce 62
	']'  reduce 62
	')'  reduce 62
	','  reduce 62
	'}'  reduce 62


state 101
	expressao : expressao . '+' expressao  (52)
	expressao : expressao . '-' expressao  (53)
	expressao : expressao . '*' expressao  (54)
	expressao : expressao . '/' expressao  (55)
	expressao : expressao . '<' expressao  (56)
	expressao : expressao . '>' expressao  (57)
	expressao : expressao . OPERATOR_LE expressao  (59)
	expressao : expressao . OPERATOR_GE expressao  (60)
	expressao : expressao . OPERATOR_EQ expressao  (61)
	expressao : expressao . OPERATOR_NE expressao  (62)
	expressao : expressao . OPERATOR_AND expressao  (63)
	expressao : expressao OPERATOR_AND expressao .  (63)
	expressao : expressao . OPERATOR_OR expressao  (64)

	OPERATOR_LE  shift 66
	OPERATOR_GE  shift 67
	OPERATOR_EQ  shift 68
	OPERATOR_NE  shift 69
	'<'  shift 72
	'>'  shift 73
	'+'  shift 74
	'-'  shift 75
	'*'  shift 76
	'/'  shift 77
	KW_ELSE  reduce 63
	KW_WHILE  reduce 63
	OPERATOR_AND  reduce 63
	OPERATOR_OR  reduce 63
	';'  reduce 63
	']'  reduce 63
	')'  reduce 63
	','  reduce 63
	'}'  reduce 63


state 102
	expressao : expressao . '+' expressao  (52)
	expressao : expressao . '-' expressao  (53)
	expressao : expressao . '*' expressao  (54)
	expressao : expressao . '/' expressao  (55)
	expressao : expressao . '<' expressao  (56)
	expressao : expressao . '>' expressao  (57)
	expressao : expressao . OPERATOR_LE expressao  (59)
	expressao : expressao . OPERATOR_GE expressao  (60)
	expressao : expressao . OPERATOR_EQ expressao  (61)
	expressao : expressao . OPERATOR_NE expressao  (62)
	expressao : expressao . OPERATOR_AND expressao  (63)
	expressao : expressao . OPERATOR_OR expressao  (64)
	expressao : expressao OPERATOR_OR expressao .  (64)

	OPERATOR_LE  shift 66
	OPERATOR_GE  shift 67
	OPERATOR_EQ  shift 68
	OPERATOR_NE  shift 69
	'<'  shift 72
	'>'  shift 73
	'+'  shift 74
	'-'  shift 75
	'*'  shift 76
	'/'  shift 77
	KW_ELSE  reduce 64
	KW_WHILE  reduce 64
	OPERATOR_AND  reduce 64
	OPERATOR_OR  reduce 64
	';'  reduce 64
	']'  reduce 64
	')'  reduce 64
	','  reduce 64
	'}'  reduce 64


state 103
	expressao : expressao . '+' expressao  (52)
	expressao : expressao . '-' expressao  (53)
	expressao : expressao . '*' expressao  (54)
	expressao : expressao . '/' expressao  (55)
	expressao : expressao . '<' expressao  (56)
	expressao : expressao '<' expressao .  (56)
	expressao : expressao . '>' expressao  (57)
	expressao : expressao . OPERATOR_LE expressao  (59)
	expressao : expressao . OPERATOR_GE expressao  (60)
	expressao : expressao . OPERATOR_EQ expressao  (61)
	expressao : expressao . OPERATOR_NE expressao  (62)
	expressao : expressao . OPERATOR_AND expressao  (63)
	expressao : expressao . OPERATOR_OR expressao  (64)

	'+'  shift 74
	'-'  shift 75
	'*'  shift 76
	'/'  shift 77
	KW_ELSE  reduce 56
	KW_WHILE  reduce 56
	OPERATOR_LE  reduce 56
	OPERATOR_GE  reduce 56
	OPERATOR_EQ  reduce 56
	OPERATOR_NE  reduce 56
	OPERATOR_AND  reduce 56
	OPERATOR_OR  reduce 56
	'<'  reduce 56
	'>'  reduce 56
	';'  reduce 56
	']'  reduce 56
	')'  reduce 56
	','  reduce 56
	'}'  reduce 56


state 104
	expressao : expressao . '+' expressao  (52)
	expressao : expressao . '-' expressao  (53)
	expressao : expressao . '*' expressao  (54)
	expressao : expressao . '/' expressao  (55)
	expressao : expressao . '<' expressao  (56)
	expressao : expressao . '>' expressao  (57)
	expressao : expressao '>' expressao .  (57)
	expressao : expressao . OPERATOR_LE expressao  (59)
	expressao : expressao . OPERATOR_GE expressao  (60)
	expressao : expressao . OPERATOR_EQ expressao  (61)
	expressao : expressao . OPERATOR_NE expressao  (62)
	expressao : expressao . OPERATOR_AND expressao  (63)
	expressao : expressao . OPERATOR_OR expressao  (64)

	'+'  shift 74
	'-'  shift 75
	'*'  shift 76
	'/'  shift 77
	KW_ELSE  reduce 57
	KW_WHILE  reduce 57
	OPERATOR_LE  reduce 57
	OPERATOR_GE  reduce 57
	OPERATOR_EQ  reduce 57
	OPERATOR_NE  reduce 57
	OPERATOR_AND  reduce 57
	OPERATOR_OR  reduce 57
	'<'  reduce 57
	'>'  reduce 57
	';'  reduce 57
	']'  reduce 57
	')'  reduce 57
	','  reduce 57
	'}'  reduce 57


state 105
	expressao : expressao . '+' expressao  (52)
	expressao : expressao '+' expressao .  (52)
	expressao : expressao . '-' expressao  (53)
	expressao : expressao . '*' expressao  (54)
	expressao : expressao . '/' expressao  (55)
	expressao : expressao . '<' expressao  (56)
	expressao : expressao . '>' expressao  (57)
	expressao : expressao . OPERATOR_LE expressao  (59)
	expressao : expressao . OPERATOR_GE expressao  (60)
	expressao : expressao . OPERATOR_EQ expressao  (61)
	expressao : expressao . OPERATOR_NE expressao  (62)
	expressao : expressao . OPERATOR_AND expressao  (63)
	expressao : expressao . OPERATOR_OR expressao  (64)

	'*'  shift 76
	'/'  shift 77
	KW_ELSE  reduce 52
	KW_WHILE  reduce 52
	OPERATOR_LE  reduce 52
	OPERATOR_GE  reduce 52
	OPERATOR_EQ  reduce 52
	OPERATOR_NE  reduce 52
	OPERATOR_AND  reduce 52
	OPERATOR_OR  reduce 52
	'<'  reduce 52
	'>'  reduce 52
	'+'  reduce 52
	'-'  reduce 52
	';'  reduce 52
	']'  reduce 52
	')'  reduce 52
	','  reduce 52
	'}'  reduce 52


state 106
	expressao : expressao . '+' expressao  (52)
	expressao : expressao . '-' expressao  (53)
	expressao : expressao '-' expressao .  (53)
	expressao : expressao . '*' expressao  (54)
	expressao : expressao . '/' expressao  (55)
	expressao : expressao . '<' expressao  (56)
	expressao : expressao . '>' expressao  (57)
	expressao : expressao . OPERATOR_LE expressao  (59)
	expressao : expressao . OPERATOR_GE expressao  (60)
	expressao : expressao . OPERATOR_EQ expressao  (61)
	expressao : expressao . OPERATOR_NE expressao  (62)
	expressao : expressao . OPERATOR_AND expressao  (63)
	expressao : expressao . OPERATOR_OR expressao  (64)

	'*'  shift 76
	'/'  shift 77
	KW_ELSE  reduce 53
	KW_WHILE  reduce 53
	OPERATOR_LE  reduce 53
	OPERATOR_GE  reduce 53
	OPERATOR_EQ  reduce 53
	OPERATOR_NE  reduce 53
	OPERATOR_AND  reduce 53
	OPERATOR_OR  reduce 53
	'<'  reduce 53
	'>'  reduce 53
	'+'  reduce 53
	'-'  reduce 53
	';'  reduce 53
	']'  reduce 53
	')'  reduce 53
	','  reduce 53
	'}'  reduce 53


state 107
	expressao : expressao . '+' expressao  (52)
	expressao : expressao . '-' expressao  (53)
	expressao : expressao . '*' expressao  (54)
	expressao : expressao '*' expressao .  (54)
	expressao : expressao . '/' expressao  (55)
	expressao : expressao . '<' expressao  (56)
	expressao : expressao . '>' expressao  (57)
	expressao : expressao . OPERATOR_LE expressao  (59)
	expressao : expressao . OPERATOR_GE expressao  (60)
	expressao : expressao . OPERATOR_EQ expressao  (61)
	expressao : expressao . OPERATOR_NE expressao  (62)
	expressao : expressao . OPERATOR_AND expressao  (63)
	expressao : expressao . OPERATOR_OR expressao  (64)

	.  reduce 54


state 108
	expressao : expressao . '+' expressao  (52)
	expressao : expressao . '-' expressao  (53)
	expressao : expressao . '*' expressao  (54)
	expressao : expressao . '/' expressao  (55)
	expressao : expressao '/' expressao .  (55)
	expressao : expressao . '<' expressao  (56)
	expressao : expressao . '>' expressao  (57)
	expressao : expressao . OPERATOR_LE expressao  (59)
	expressao : expressao . OPERATOR_GE expressao  (60)
	expressao : expressao . OPERATOR_EQ expressao  (61)
	expressao : expressao . OPERATOR_NE expressao  (62)
	expressao : expressao . OPERATOR_AND expressao  (63)
	expressao : expressao . OPERATOR_OR expressao  (64)

	.  reduce 55


state 109
	lista_expressoes_nao_vazia : expressao ',' lista_expressoes_nao_vazia .  (37)

	.  reduce 37


state 110
	atribuicao : TK_IDENTIFIER '[' expressao ']' . '=' expressao  (34)

	'='  shift 123
	.  error


state 111
	seq_comando : decl_var ';' seq_comando .  (30)

	.  reduce 30


state 112
	seq_comando : decl_vetor ';' seq_comando .  (32)

	.  reduce 32


state 113
	seq_comando : comando ';' seq_comando .  (28)

	.  reduce 28


state 114
	decl_vetor : KW_DECLARE TK_IDENTIFIER ':' tipo_var '[' LIT_INTEGER . ']'  (7)

	']'  shift 124
	.  error


state 115
	parametro : TK_IDENTIFIER ':' . tipo_var  (18)

	KW_INTEGER  shift 31
	KW_FLOATING  shift 32
	KW_BOOLEAN  shift 33
	KW_CHARACTER  shift 34
	.  error

	tipo_var  goto 125


state 116
	cabecalho : TK_IDENTIFIER ':' tipo_var '(' lista_parametros ')' .  (13)

	.  reduce 13


state 117
	lista_parametros_nao_vazia : parametro ',' . lista_parametros_nao_vazia  (16)

	TK_IDENTIFIER  shift 86
	.  error

	lista_parametros_nao_vazia  goto 126
	parametro  goto 89


118: shift/reduce conflict (shift 16, reduce 25) on KW_WHILE
state 118
	controle_fluxo : KW_IF '(' expressao ')' KW_THEN . comando  (40)
	controle_fluxo : KW_IF '(' expressao ')' KW_THEN . comando KW_ELSE comando  (41)
	comando : .  (25)

	KW_IF  shift 15
	KW_WHILE  shift 16
	KW_DO  shift 17
	KW_INPUT  shift 18
	KW_RETURN  shift 19
	KW_OUTPUT  shift 20
	TK_IDENTIFIER  shift 21
	'{'  shift 22
	KW_ELSE  reduce 25
	';'  reduce 25
	'}'  reduce 25

	comando  goto 127
	bloco_comando  goto 24
	controle_fluxo  goto 25
	atribuicao  goto 26
	input  goto 27
	output  goto 28
	return  goto 29


state 119
	controle_fluxo : KW_WHILE '(' expressao ')' comando .  (42)

	.  reduce 42


state 120
	controle_fluxo : KW_DO comando KW_WHILE '(' expressao . ')'  (43)
	expressao : expressao . '+' expressao  (52)
	expressao : expressao . '-' expressao  (53)
	expressao : expressao . '*' expressao  (54)
	expressao : expressao . '/' expressao  (55)
	expressao : expressao . '<' expressao  (56)
	expressao : expressao . '>' expressao  (57)
	expressao : expressao . OPERATOR_LE expressao  (59)
	expressao : expressao . OPERATOR_GE expressao  (60)
	expressao : expressao . OPERATOR_EQ expressao  (61)
	expressao : expressao . OPERATOR_NE expressao  (62)
	expressao : expressao . OPERATOR_AND expressao  (63)
	expressao : expressao . OPERATOR_OR expressao  (64)

	OPERATOR_LE  shift 66
	OPERATOR_GE  shift 67
	OPERATOR_EQ  shift 68
	OPERATOR_NE  shift 69
	OPERATOR_AND  shift 70
	OPERATOR_OR  shift 71
	'<'  shift 72
	'>'  shift 73
	'+'  shift 74
	'-'  shift 75
	'*'  shift 76
	'/'  shift 77
	')'  shift 128
	.  error


state 121
	expressao : TK_IDENTIFIER '[' expressao ']' .  (45)

	.  reduce 45


state 122
	expressao : TK_IDENTIFIER '(' lista_expressoes ')' .  (65)

	.  reduce 65


state 123
	atribuicao : TK_IDENTIFIER '[' expressao ']' '=' . expressao  (34)

	TK_IDENTIFIER  shift 40
	LIT_INTEGER  shift 41
	LIT_FLOATING  shift 42
	LIT_FALSE  shift 43
	LIT_TRUE  shift 44
	LIT_CHARACTER  shift 45
	LIT_STRING  shift 46
	'('  shift 47
	.  error

	expressao  goto 129


state 124
	decl_vetor : KW_DECLARE TK_IDENTIFIER ':' tipo_var '[' LIT_INTEGER ']' .  (7)

	.  reduce 7


state 125
	parametro : TK_IDENTIFIER ':' tipo_var .  (18)

	.  reduce 18


state 126
	lista_parametros_nao_vazia : parametro ',' lista_parametros_nao_vazia .  (16)

	.  reduce 16


127: shift/reduce conflict (shift 130, reduce 40) on KW_ELSE
state 127
	controle_fluxo : KW_IF '(' expressao ')' KW_THEN comando .  (40)
	controle_fluxo : KW_IF '(' expressao ')' KW_THEN comando . KW_ELSE comando  (41)

	KW_ELSE  shift 130
	KW_WHILE  reduce 40
	';'  reduce 40
	'}'  reduce 40


state 128
	controle_fluxo : KW_DO comando KW_WHILE '(' expressao ')' .  (43)

	.  reduce 43


state 129
	atribuicao : TK_IDENTIFIER '[' expressao ']' '=' expressao .  (34)
	expressao : expressao . '+' expressao  (52)
	expressao : expressao . '-' expressao  (53)
	expressao : expressao . '*' expressao  (54)
	expressao : expressao . '/' expressao  (55)
	expressao : expressao . '<' expressao  (56)
	expressao : expressao . '>' expressao  (57)
	expressao : expressao . OPERATOR_LE expressao  (59)
	expressao : expressao . OPERATOR_GE expressao  (60)
	expressao : expressao . OPERATOR_EQ expressao  (61)
	expressao : expressao . OPERATOR_NE expressao  (62)
	expressao : expressao . OPERATOR_AND expressao  (63)
	expressao : expressao . OPERATOR_OR expressao  (64)

	OPERATOR_LE  shift 66
	OPERATOR_GE  shift 67
	OPERATOR_EQ  shift 68
	OPERATOR_NE  shift 69
	OPERATOR_AND  shift 70
	OPERATOR_OR  shift 71
	'<'  shift 72
	'>'  shift 73
	'+'  shift 74
	'-'  shift 75
	'*'  shift 76
	'/'  shift 77
	KW_ELSE  reduce 34
	KW_WHILE  reduce 34
	';'  reduce 34
	'}'  reduce 34


130: shift/reduce conflict (shift 16, reduce 25) on KW_WHILE
state 130
	controle_fluxo : KW_IF '(' expressao ')' KW_THEN comando KW_ELSE . comando  (41)
	comando : .  (25)

	KW_IF  shift 15
	KW_WHILE  shift 16
	KW_DO  shift 17
	KW_INPUT  shift 18
	KW_RETURN  shift 19
	KW_OUTPUT  shift 20
	TK_IDENTIFIER  shift 21
	'{'  shift 22
	KW_ELSE  reduce 25
	';'  reduce 25
	'}'  reduce 25

	comando  goto 131
	bloco_comando  goto 24
	controle_fluxo  goto 25
	atribuicao  goto 26
	input  goto 27
	output  goto 28
	return  goto 29


state 131
	controle_fluxo : KW_IF '(' expressao ')' KW_THEN comando KW_ELSE comando .  (41)

	.  reduce 41


State 17 contains 1 shift/reduce conflict.
State 91 contains 1 shift/reduce conflict.
State 118 contains 1 shift/reduce conflict.
State 127 contains 1 shift/reduce conflict.
State 130 contains 1 shift/reduce conflict.


45 terminals, 22 nonterminals
68 grammar rules, 132 states
